<?xml version="1.0" encoding="UTF-8"?>
<!-- Generated by org.testng.reporters.JUnitReportReporter -->
<testsuite skipped="0" hostname="sekhe-PC" name="com.sayali.test.FirstTextTest" tests="2" failures="0" timestamp="04 Oct 2019 19:49:50 GMT" time="4.297" errors="0">
  <testcase name="CH02_verifyDoesNotContainSearchTerm" time="1.231" classname="com.sayali.test.FirstTextTest"/>
  <testcase name="CH01_verifyContainsSearchTerm" time="3.066" classname="com.sayali.test.FirstTextTest"/>
</testsuite> <!-- com.sayali.test.FirstTextTest -->
