<?xml version="1.0" encoding="UTF-8"?>
<!-- Generated by org.testng.reporters.JUnitReportReporter -->
<testsuite skipped="0" hostname="sekhe-PC" name="com.sayali.test.GoogleMapTest" tests="2" failures="0" timestamp="04 Oct 2019 21:03:48 GMT" time="25.116" errors="0">
  <testcase name="CH06_verifyMapMenuOptionPresent" time="11.026" classname="com.sayali.test.GoogleMapTest"/>
  <testcase name="CH05_verifyMapMenuOptionNotPresent" time="14.090" classname="com.sayali.test.GoogleMapTest"/>
</testsuite> <!-- com.sayali.test.GoogleMapTest -->
