<?xml version="1.0" encoding="UTF-8"?>
<!-- Generated by org.testng.reporters.JUnitReportReporter -->
<testsuite skipped="0" hostname="sekhe-PC" name="com.sayali.test.FirstTextTest" tests="2" failures="0" timestamp="04 Oct 2019 21:37:50 GMT" time="7.394" errors="0">
  <testcase name="CH01_verifyContainsSearchTerm" time="4.679" classname="com.sayali.test.FirstTextTest"/>
  <testcase name="CH02_verifyDoesNotContainSearchTerm" time="2.715" classname="com.sayali.test.FirstTextTest"/>
</testsuite> <!-- com.sayali.test.FirstTextTest -->
