<?xml version="1.0" encoding="UTF-8"?>
<!-- Generated by org.testng.reporters.JUnitReportReporter -->
<testsuite skipped="0" hostname="sekhe-PC" name="com.sayali.test.ImageTitleTest" tests="2" failures="0" timestamp="04 Oct 2019 21:03:48 GMT" time="8.710" errors="0">
  <testcase name="CH03_verifyContainsImageTitle" time="5.296" classname="com.sayali.test.ImageTitleTest"/>
  <testcase name="CH04_verifyDoesNotContainImageTitle" time="3.414" classname="com.sayali.test.ImageTitleTest"/>
</testsuite> <!-- com.sayali.test.ImageTitleTest -->
