<?xml version="1.0" encoding="UTF-8"?>
<!-- Generated by org.testng.reporters.JUnitReportReporter -->
<testsuite skipped="0" hostname="sekhe-PC" name="com.sayali.test.GoogleMapTest" tests="2" failures="0" timestamp="04 Oct 2019 20:35:41 GMT" time="21.772" errors="0">
  <testcase name="CH06_verifyMapMenuOptionPresent" time="8.414" classname="com.sayali.test.GoogleMapTest"/>
  <testcase name="CH05_verifyMapMenuOptionNotPresent" time="13.358" classname="com.sayali.test.GoogleMapTest"/>
</testsuite> <!-- com.sayali.test.GoogleMapTest -->
